"GET /admin/bookquery/userinfo/ HTTP/1.1" 200 6849
"GET /static/admin/css/base.css HTTP/1.1" 304 0
"GET /static/admin/css/changelists.css HTTP/1.1" 304 0
"GET /static/admin/js/core.js HTTP/1.1" 304 0
"GET /static/admin/js/vendor/jquery/jquery.js HTTP/1.1" 304 0
"GET /static/admin/js/jquery.init.js HTTP/1.1" 304 0
"GET /static/admin/js/admin/RelatedObjectLookups.js HTTP/1.1" 304 0
"GET /admin/jsi18n/ HTTP/1.1" 200 7484
"GET /static/admin/js/actions.js HTTP/1.1" 304 0
"GET /static/admin/js/urlify.js HTTP/1.1" 304 0
"GET /static/admin/js/prepopulate.js HTTP/1.1" 304 0
"GET /static/admin/js/vendor/xregexp/xregexp.js HTTP/1.1" 304 0
"GET /static/admin/css/fonts.css HTTP/1.1" 304 0
"GET /static/admin/img/search.svg HTTP/1.1" 304 0
"GET /static/admin/img/tooltag-add.svg HTTP/1.1" 304 0
"GET /static/admin/img/sorting-icons.svg HTTP/1.1" 304 0
"GET /admin/bookquery/userinfo/ HTTP/1.1" 200 6849
"GET /static/admin/css/base.css HTTP/1.1" 304 0
"GET /static/admin/css/changelists.css HTTP/1.1" 304 0
"GET /static/admin/js/core.js HTTP/1.1" 304 0
"GET /static/admin/js/vendor/jquery/jquery.js HTTP/1.1" 304 0
"GET /admin/jsi18n/ HTTP/1.1" 200 7484
"GET /static/admin/js/jquery.init.js HTTP/1.1" 304 0
"GET /static/admin/js/admin/RelatedObjectLookups.js HTTP/1.1" 304 0
"GET /static/admin/js/actions.js HTTP/1.1" 304 0
"GET /static/admin/js/urlify.js HTTP/1.1" 304 0
"GET /static/admin/js/prepopulate.js HTTP/1.1" 304 0
"GET /static/admin/js/vendor/xregexp/xregexp.js HTTP/1.1" 304 0
"GET /static/admin/css/fonts.css HTTP/1.1" 304 0
"GET /static/admin/img/search.svg HTTP/1.1" 304 0
"GET /static/admin/img/tooltag-add.svg HTTP/1.1" 304 0
"GET /static/admin/img/sorting-icons.svg HTTP/1.1" 304 0
"GET /bookquery/index/ HTTP/1.1" 500 86457
"GET /bookquery/index/ HTTP/1.1" 500 86455
"GET /bookquery/index/ HTTP/1.1" 500 86455
"GET /bookquery/index/ HTTP/1.1" 500 86465
"GET /bookquery/index/ HTTP/1.1" 200 3105
"GET /static/bootstrap/js/bootstrap.min.js HTTP/1.1" 304 0
"GET /static/bootstrap/js/jquery.min.js HTTP/1.1" 304 0
"GET /static/bootstrap/css/bootstrap-theme.css HTTP/1.1" 304 0
"GET /static/bootstrap/css/bootstrap.css HTTP/1.1" 304 0
"GET /bookquery/page_handler/ HTTP/1.1" 500 70301
"GET /bookquery/page_handler/ HTTP/1.1" 500 70405
"GET /bookquery/page_handler/ HTTP/1.1" 500 70405
"GET /bookquery/page_handler/ HTTP/1.1" 500 70405
"GET /bookquery/page_handler/ HTTP/1.1" 500 70389
"GET /bookquery/page_handler/ HTTP/1.1" 500 70389
"GET /bookquery/page_handler/ HTTP/1.1" 500 70359
"GET /bookquery/page_handler/ HTTP/1.1" 500 70359
"GET /bookquery/page_handler/ HTTP/1.1" 200 148
"GET /bookquery/page_handler/ HTTP/1.1" 200 148
"GET /bookquery/page_handler/ HTTP/1.1" 200 148
"GET /bookquery/page_handler/ HTTP/1.1" 200 132
"GET /bookquery/page_handler/ HTTP/1.1" 200 132
"GET /bookquery/page_handler/ HTTP/1.1" 200 148
"GET /bookquery/page_handler/ HTTP/1.1" 200 148
"GET /admin/ HTTP/1.1" 302 0
"GET /admin/login/?next=/admin/ HTTP/1.1" 200 1655
"GET /static/admin/css/base.css HTTP/1.1" 200 15937
"GET /static/admin/css/login.css HTTP/1.1" 200 1203
"GET /static/admin/css/fonts.css HTTP/1.1" 200 423
"GET /static/admin/fonts/Roboto-Regular-webfont.woff HTTP/1.1" 200 80304
"GET /static/admin/fonts/Roboto-Light-webfont.woff HTTP/1.1" 200 81348
"POST /admin/login/?next=/admin/ HTTP/1.1" 302 0
"GET /admin/ HTTP/1.1" 200 6086
"GET /static/admin/css/dashboard.css HTTP/1.1" 200 434
"GET /static/admin/css/fonts.css HTTP/1.1" 304 0
"GET /static/admin/img/icon-changelink.svg HTTP/1.1" 200 380
"GET /static/admin/img/icon-addlink.svg HTTP/1.1" 200 331
"GET /static/admin/fonts/Roboto-Bold-webfont.woff HTTP/1.1" 200 82564
"GET /admin/bookquery/userinfo/ HTTP/1.1" 200 6849
"GET /static/admin/js/jquery.init.js HTTP/1.1" 200 363
"GET /static/admin/css/changelists.css HTTP/1.1" 200 6117
"GET /static/admin/js/core.js HTTP/1.1" 304 0
"GET /static/admin/js/vendor/jquery/jquery.js HTTP/1.1" 304 0
"GET /admin/jsi18n/ HTTP/1.1" 200 7484
"GET /static/admin/js/actions.js HTTP/1.1" 304 0
"GET /static/admin/js/admin/RelatedObjectLookups.js HTTP/1.1" 304 0
"GET /static/admin/img/search.svg HTTP/1.1" 200 458
"GET /static/admin/js/urlify.js HTTP/1.1" 304 0
"GET /static/admin/js/prepopulate.js HTTP/1.1" 304 0
"GET /static/admin/js/vendor/xregexp/xregexp.js HTTP/1.1" 304 0
"GET /static/admin/img/tooltag-add.svg HTTP/1.1" 200 331
"GET /static/admin/img/sorting-icons.svg HTTP/1.1" 200 1097
"GET /admin/ HTTP/1.1" 200 6086
"GET /admin/bookquery/userinfo/ HTTP/1.1" 200 6849
"GET /static/admin/css/changelists.css HTTP/1.1" 304 0
"GET /admin/jsi18n/ HTTP/1.1" 200 7484
"GET /static/admin/img/search.svg HTTP/1.1" 304 0
"GET /admin/bookquery/userinfo/add/ HTTP/1.1" 200 4904
"GET /admin/jsi18n/ HTTP/1.1" 200 7484
"GET /static/admin/css/forms.css HTTP/1.1" 200 7750
"GET /static/admin/js/change_form.js HTTP/1.1" 200 698
"GET /static/admin/js/prepopulate_init.js HTTP/1.1" 200 495
"GET /static/admin/css/widgets.css HTTP/1.1" 200 10340
"POST /admin/bookquery/userinfo/add/ HTTP/1.1" 302 0
"GET /admin/bookquery/userinfo/add/ HTTP/1.1" 200 5151
"GET /static/admin/css/forms.css HTTP/1.1" 304 0
"GET /admin/jsi18n/ HTTP/1.1" 200 7484
"GET /static/admin/img/icon-yes.svg HTTP/1.1" 200 436
"POST /admin/bookquery/userinfo/add/ HTTP/1.1" 302 0
"GET /admin/bookquery/userinfo/add/ HTTP/1.1" 200 5151
"GET /admin/jsi18n/ HTTP/1.1" 200 7484
"POST /admin/bookquery/userinfo/add/ HTTP/1.1" 302 0
"GET /admin/bookquery/userinfo/add/ HTTP/1.1" 200 5151
"GET /admin/jsi18n/ HTTP/1.1" 200 7484
"POST /admin/bookquery/userinfo/add/ HTTP/1.1" 302 0
"GET /admin/bookquery/userinfo/add/ HTTP/1.1" 200 5151
"GET /admin/jsi18n/ HTTP/1.1" 200 7484
"POST /admin/bookquery/userinfo/add/ HTTP/1.1" 302 0
"GET /admin/bookquery/userinfo/ HTTP/1.1" 200 8618
"GET /admin/jsi18n/ HTTP/1.1" 200 7484
"GET /admin/bookquery/userinfo/4/change/ HTTP/1.1" 200 5189
"GET /admin/jsi18n/ HTTP/1.1" 200 7484
"GET /admin/bookquery/userinfo/4/delete/ HTTP/1.1" 200 3044
"GET /static/admin/js/cancel.js HTTP/1.1" 200 204
"POST /admin/bookquery/userinfo/4/delete/ HTTP/1.1" 302 0
"GET /admin/bookquery/userinfo/ HTTP/1.1" 200 8226
"GET /admin/jsi18n/ HTTP/1.1" 200 7484
"GET /admin/bookquery/userinfo/9/change/ HTTP/1.1" 200 5156
"GET /admin/jsi18n/ HTTP/1.1" 200 7484
"GET /admin/bookquery/userinfo/9/delete/ HTTP/1.1" 200 3044
"POST /admin/bookquery/userinfo/9/delete/ HTTP/1.1" 302 0
"GET /admin/bookquery/userinfo/ HTTP/1.1" 200 7920
"GET /admin/jsi18n/ HTTP/1.1" 200 7484
"GET /admin/bookquery/userinfo/8/change/ HTTP/1.1" 200 5157
"GET /admin/jsi18n/ HTTP/1.1" 200 7484
"GET /admin/bookquery/userinfo/8/delete/ HTTP/1.1" 200 3047
"POST /admin/bookquery/userinfo/8/delete/ HTTP/1.1" 302 0
"GET /admin/bookquery/userinfo/ HTTP/1.1" 200 7618
"GET /admin/jsi18n/ HTTP/1.1" 200 7484
"GET /admin/bookquery/userinfo/6/change/ HTTP/1.1" 200 5154
"GET /admin/jsi18n/ HTTP/1.1" 200 7484
"GET /admin/bookquery/userinfo/6/delete/ HTTP/1.1" 200 3044
"POST /admin/bookquery/userinfo/6/delete/ HTTP/1.1" 302 0
"GET /admin/bookquery/userinfo/ HTTP/1.1" 200 7316
"GET /admin/jsi18n/ HTTP/1.1" 200 7484
"GET /admin/bookquery/userinfo/add/ HTTP/1.1" 200 4904
"GET /admin/jsi18n/ HTTP/1.1" 200 7484
"POST /admin/bookquery/userinfo/add/ HTTP/1.1" 302 0
"GET /admin/bookquery/userinfo/add/ HTTP/1.1" 200 5153
"GET /admin/jsi18n/ HTTP/1.1" 200 7484
"POST /admin/bookquery/userinfo/add/ HTTP/1.1" 302 0
"GET /admin/bookquery/userinfo/add/ HTTP/1.1" 200 5154
"GET /admin/jsi18n/ HTTP/1.1" 200 7484
"POST /admin/bookquery/userinfo/add/ HTTP/1.1" 302 0
"GET /admin/bookquery/userinfo/add/ HTTP/1.1" 200 5153
"GET /admin/jsi18n/ HTTP/1.1" 200 7484
"GET /admin/bookquery/userinfo/ HTTP/1.1" 200 8120
"GET /admin/jsi18n/ HTTP/1.1" 200 7484
"GET /bookquery/page_handler/ HTTP/1.1" 200 147
"GET /bookquery/page_handler/ HTTP/1.1" 200 147
"GET /bookquery/page_handler/ HTTP/1.1" 200 147
"GET /bookquery/page_handler/ HTTP/1.1" 200 177
"GET /bookquery/page_handler/ HTTP/1.1" 200 219
"GET /bookquery/page_handler/ HTTP/1.1" 200 423
"GET /bookquery/page_handler/ HTTP/1.1" 200 469
"GET /bookquery/page_handler/?page=2 HTTP/1.1" 200 290
"GET /bookquery/page_handler/?page=1 HTTP/1.1" 200 469
"GET /bookquery/page_handler/?page=1 HTTP/1.1" 200 271
"GET /bookquery/page_handler/?page=2 HTTP/1.1" 200 281
"GET /bookquery/page_handler/?page=3 HTTP/1.1" 200 294
"GET /bookquery/page_handler/?page=4 HTTP/1.1" 200 281
"GET /bookquery/page_handler/?page=5 HTTP/1.1" 200 250
"GET /bookquery/page_handler/?page=4 HTTP/1.1" 200 281
"GET /bookquery/page_handler/?page=3 HTTP/1.1" 200 294
"GET /bookquery/page_handler/?page=2 HTTP/1.1" 200 281
"GET /bookquery/page_handler/?page=1 HTTP/1.1" 200 271
"GET /bookquery/page_handler/?page=2 HTTP/1.1" 200 281
"GET /bookquery/page_handler/?page=3 HTTP/1.1" 200 294
"GET /bookquery/page_handler/?page=4 HTTP/1.1" 200 281
"GET /bookquery/page_handler/?page=5 HTTP/1.1" 200 250
"GET /admin/bookquery/userinfo/add/ HTTP/1.1" 200 4904
"GET /admin/jsi18n/ HTTP/1.1" 200 7484
"POST /admin/bookquery/userinfo/add/ HTTP/1.1" 302 0
"GET /admin/bookquery/userinfo/add/ HTTP/1.1" 200 5151
"GET /admin/jsi18n/ HTTP/1.1" 200 7484
"GET /admin/bookquery/ HTTP/1.1" 200 2255
"GET /static/admin/css/dashboard.css HTTP/1.1" 304 0
"GET /static/admin/img/icon-addlink.svg HTTP/1.1" 304 0
"GET /static/admin/img/icon-changelink.svg HTTP/1.1" 304 0
"GET /admin/bookquery/userinfo/ HTTP/1.1" 200 8435
"GET /admin/jsi18n/ HTTP/1.1" 200 7484
"GET /bookquery/page_handler/?page=5 HTTP/1.1" 200 287
"GET /bookquery/page_handler/?page=6 HTTP/1.1" 200 210
"GET /bookquery/page_handler/?page=3 HTTP/1.1" 200 439
"GET /bookquery/page_handler/?page=3 HTTP/1.1" 200 439
"GET /bookquery/page_handler/post?page_num=2 HTTP/1.1" 404 4816
"GET /bookquery/page_handler/?page=2 HTTP/1.1" 200 426
"GET /bookquery/page_handler/?page=1 HTTP/1.1" 200 416
"GET /bookquery/page_handler/?page=2 HTTP/1.1" 200 426
"GET /bookquery/page_handler/?page=3 HTTP/1.1" 200 439
"GET /bookquery/page_handler/?page=3 HTTP/1.1" 200 439
"GET /bookquery/page_handler/?page=4 HTTP/1.1" 200 426
"GET /bookquery/page_handler/?page=5 HTTP/1.1" 200 432
"GET /bookquery/page_handler/?page=6 HTTP/1.1" 200 355
"GET /bookquery/page_handler/?page=5 HTTP/1.1" 200 432
"GET /bookquery/page_handler/?page=4 HTTP/1.1" 200 426
"GET /bookquery/page_handler/?page=3 HTTP/1.1" 200 439
"GET /bookquery/page_handler/?page=2 HTTP/1.1" 200 426
"GET /bookquery/page_handler/?page=1 HTTP/1.1" 200 416
"GET /bookquery/page_handler/?page=2 HTTP/1.1" 200 426
"GET /bookquery/page_handler/?page=3 HTTP/1.1" 200 439
"GET /bookquery/page_handler/post?page_num=1 HTTP/1.1" 404 4816
"GET /bookquery/page_handler/post?page_num=1 HTTP/1.1" 301 0
"GET /bookquery/page_handler/post/?page_num=1 HTTP/1.1" 500 67338
"GET /bookquery/page_handler/post/?page_num=1 HTTP/1.1" 500 67473
"GET /bookquery/page_handler/?page=3 HTTP/1.1" 500 125521
- Broken pipe from ('127.0.0.1', 58434)

"GET /bookquery/page_handler/?page=3 HTTP/1.1" 500 125521
"GET /bookquery/page_handler/?page=2 HTTP/1.1" 301 0
"GET /bookquery/page_handler/?page=2 HTTP/1.1" 301 0
"GET /bookquery/page_handler/?page=2 HTTP/1.1" 301 0
"GET /bookquery/page_handler/?page=2 HTTP/1.1" 301 0
"GET /bookquery/page_handler/?page=2 HTTP/1.1" 301 0
"GET /bookquery/page_handler/?page=2 HTTP/1.1" 301 0
"GET /bookquery/page_handler/?page=2 HTTP/1.1" 301 0
"GET /bookquery/page_handler/?page=2 HTTP/1.1" 301 0
"GET /bookquery/page_handler/?page=2 HTTP/1.1" 301 0
"GET /bookquery/page_handler/?page=2 HTTP/1.1" 301 0
"GET /bookquery/page_handler/?page=2 HTTP/1.1" 301 0
"GET /bookquery/page_handler/?page=2 HTTP/1.1" 301 0
"GET /bookquery/page_handler/?page=2 HTTP/1.1" 301 0
"GET /bookquery/page_handler/?page=2 HTTP/1.1" 301 0
"GET /bookquery/page_handler/?page=2 HTTP/1.1" 301 0
"GET /bookquery/page_handler/?page=2 HTTP/1.1" 301 0
"GET /bookquery/page_handler/?page=2 HTTP/1.1" 301 0
"GET /bookquery/page_handler/?page=2 HTTP/1.1" 301 0
"GET /bookquery/page_handler/?page=2 HTTP/1.1" 301 0
"GET /bookquery/page_handler/?page=2 HTTP/1.1" 301 0
"GET /bookquery/page_handler/?page=2 HTTP/1.1" 301 0
"GET /bookquery/page_handler/?page=1 HTTP/1.1" 301 0
"GET /bookquery/page_handler/?page=1 HTTP/1.1" 301 0
"GET /bookquery/page_handler/?page=1 HTTP/1.1" 301 0
"GET /bookquery/page_handler/?page=1 HTTP/1.1" 301 0
"GET /bookquery/page_handler/?page=1 HTTP/1.1" 301 0
"GET /bookquery/page_handler/?page=1 HTTP/1.1" 301 0
"GET /bookquery/page_handler/?page=1 HTTP/1.1" 301 0
"GET /bookquery/page_handler/?page=1 HTTP/1.1" 301 0
"GET /bookquery/page_handler/?page=1 HTTP/1.1" 301 0
"GET /bookquery/page_handler/?page=1 HTTP/1.1" 301 0
"GET /bookquery/page_handler/?page=1 HTTP/1.1" 301 0
"GET /bookquery/page_handler/?page=1 HTTP/1.1" 301 0
"GET /bookquery/page_handler/?page=1 HTTP/1.1" 301 0
"GET /bookquery/page_handler/?page=1 HTTP/1.1" 301 0
"GET /bookquery/page_handler/?page=1 HTTP/1.1" 301 0
"GET /bookquery/page_handler/?page=1 HTTP/1.1" 301 0
"GET /bookquery/page_handler/?page=1 HTTP/1.1" 301 0
"GET /bookquery/page_handler/?page=1 HTTP/1.1" 301 0
"GET /bookquery/page_handler/?page=1 HTTP/1.1" 301 0
"GET /bookquery/page_handler/?page=1 HTTP/1.1" 301 0
"GET /bookquery/page_handler/?page=1 HTTP/1.1" 301 0
"GET /bookquery/page_handler/?page=1 HTTP/1.1" 500 123180
- Broken pipe from ('127.0.0.1', 58540)

"GET /bookquery/page_handler/?page=1 HTTP/1.1" 500 123180
"GET /bookquery/page_handler/?page=1 HTTP/1.1" 500 123180
"GET /bookquery/page_handler/?page=2 HTTP/1.1" 500 123106
"GET /bookquery/page_handler/?page=4 HTTP/1.1" 500 123238
- Broken pipe from ('127.0.0.1', 58564)

"GET /bookquery/page_handler/?page=4 HTTP/1.1" 500 123238
"GET /bookquery/page_handler/?page=4 HTTP/1.1" 500 123813
"GET /bookquery/page_handler/?page=4 HTTP/1.1" 500 123813
"GET /bookquery/page_handler/?page=4 HTTP/1.1" 500 125517
"GET /bookquery/page_handler/?page=4 HTTP/1.1" 500 125517
"GET /bookquery/page_handler/?page=4 HTTP/1.1" 500 124950
"GET /bookquery/page_handler/?page=4 HTTP/1.1" 500 124950
"GET /bookquery/page_handler/?page=4 HTTP/1.1" 200 287
"GET /bookquery/page_handler/?page=5 HTTP/1.1" 200 293
"GET /bookquery/page_handler/?page=6 HTTP/1.1" 200 216
"GET /bookquery/page_handler/?page=5 HTTP/1.1" 200 293
"GET /bookquery/page_handler/?page=4 HTTP/1.1" 200 287
"GET /bookquery/page_handler/?page=4 HTTP/1.1" 301 0
"GET /bookquery/page_handler/?page=4 HTTP/1.1" 301 0
"GET /bookquery/page_handler/?page=4 HTTP/1.1" 301 0
"GET /bookquery/page_handler/?page=4 HTTP/1.1" 301 0
"GET /bookquery/page_handler/?page=4 HTTP/1.1" 301 0
"GET /bookquery/page_handler/?page=4 HTTP/1.1" 301 0
"GET /bookquery/page_handler/?page=4 HTTP/1.1" 301 0
"GET /bookquery/page_handler/?page=4 HTTP/1.1" 301 0
"GET /bookquery/page_handler/?page=4 HTTP/1.1" 301 0
"GET /bookquery/page_handler/?page=4 HTTP/1.1" 301 0
"GET /bookquery/page_handler/?page=4 HTTP/1.1" 301 0
"GET /bookquery/page_handler/?page=4 HTTP/1.1" 301 0
"GET /bookquery/page_handler/?page=4 HTTP/1.1" 301 0
"GET /bookquery/page_handler/?page=4 HTTP/1.1" 301 0
"GET /bookquery/page_handler/?page=4 HTTP/1.1" 301 0
"GET /bookquery/page_handler/?page=4 HTTP/1.1" 301 0
"GET /bookquery/page_handler/?page=4 HTTP/1.1" 301 0
"GET /bookquery/page_handler/?page=4 HTTP/1.1" 301 0
"GET /bookquery/page_handler/?page=4 HTTP/1.1" 301 0
"GET /bookquery/page_handler/?page=4 HTTP/1.1" 301 0
"GET /bookquery/page_handler/?page=4 HTTP/1.1" 301 0
"GET /bookquery/page_handler/?page=4 HTTP/1.1" 301 0
"GET /bookquery/page_handler/?page=4 HTTP/1.1" 301 0
"GET /bookquery/page_handler/?page=4 HTTP/1.1" 301 0
"GET /bookquery/page_handler/?page=4 HTTP/1.1" 301 0
"GET /bookquery/page_handler/?page=4 HTTP/1.1" 301 0
"GET /bookquery/page_handler/?page=4 HTTP/1.1" 301 0
"GET /bookquery/page_handler/?page=4 HTTP/1.1" 301 0
"GET /bookquery/page_handler/?page=4 HTTP/1.1" 301 0
"GET /bookquery/page_handler/?page=4 HTTP/1.1" 301 0
"GET /bookquery/page_handler/?page=4 HTTP/1.1" 301 0
"GET /bookquery/page_handler/?page=4 HTTP/1.1" 301 0
"GET /bookquery/page_handler/?page=4 HTTP/1.1" 301 0
"GET /bookquery/page_handler/?page=4 HTTP/1.1" 301 0
"GET /bookquery/page_handler/?page=4 HTTP/1.1" 301 0
"GET /bookquery/page_handler/?page=4 HTTP/1.1" 301 0
"GET /bookquery/page_handler/?page=4 HTTP/1.1" 301 0
"GET /bookquery/page_handler/?page=4 HTTP/1.1" 301 0
"GET /bookquery/page_handler/?page=4 HTTP/1.1" 301 0
"GET /bookquery/page_handler/?page=4 HTTP/1.1" 301 0
"GET /bookquery/page_handler/?page=4 HTTP/1.1" 301 0
"GET /bookquery/page_handler/?page=4 HTTP/1.1" 301 0
"GET /bookquery/page_handler/?page=4 HTTP/1.1" 301 0
"GET /bookquery/page_handler/?page=4 HTTP/1.1" 301 0
"GET /bookquery/page_handler/?page=4 HTTP/1.1" 301 0
"GET /bookquery/page_handler/?page=4 HTTP/1.1" 301 0
"GET /bookquery/page_handler/?page=4 HTTP/1.1" 301 0
"GET /bookquery/page_handler/?page=4 HTTP/1.1" 301 0
"GET /bookquery/page_handler/?page=4 HTTP/1.1" 301 0
"GET /bookquery/page_handler/?page=4 HTTP/1.1" 301 0
"GET /bookquery/page_handler/?page=4 HTTP/1.1" 301 0
"GET /bookquery/page_handler/?page=4 HTTP/1.1" 301 0
"GET /bookquery/page_handler/?page=4 HTTP/1.1" 301 0
"GET /bookquery/page_handler/?page=4 HTTP/1.1" 301 0
"GET /bookquery/page_handler/?page=4 HTTP/1.1" 301 0
"GET /bookquery/page_handler/?page=4 HTTP/1.1" 301 0
"GET /bookquery/page_handler/?page=4 HTTP/1.1" 301 0
"GET /bookquery/page_handler/?page=4 HTTP/1.1" 301 0
"GET /bookquery/page_handler/?page=4 HTTP/1.1" 301 0
"GET /bookquery/page_handler/?page=4 HTTP/1.1" 301 0
"GET /bookquery/page_handler/?page=4 HTTP/1.1" 301 0
"GET /bookquery/page_handler/?page=4 HTTP/1.1" 301 0
"GET /bookquery/page_handler/?page=4 HTTP/1.1" 301 0
"GET /bookquery/page_handler/?page=4 HTTP/1.1" 301 0
"GET /bookquery/page_handler/?page=4 HTTP/1.1" 301 0
"GET /bookquery/page_handler/?page=4 HTTP/1.1" 301 0
"GET /bookquery/page_handler/?page=4 HTTP/1.1" 301 0
"GET /bookquery/page_handler/?page=4 HTTP/1.1" 301 0
"GET /bookquery/page_handler/?page=4 HTTP/1.1" 301 0
"GET /bookquery/page_handler/?page=4 HTTP/1.1" 301 0
"GET /bookquery/page_handler/?page=4 HTTP/1.1" 301 0
"GET /bookquery/page_handler/?page=4 HTTP/1.1" 301 0
"GET /bookquery/page_handler/?page=4 HTTP/1.1" 301 0
"GET /bookquery/page_handler/?page=4 HTTP/1.1" 301 0
"GET /bookquery/page_handler/?page=4 HTTP/1.1" 301 0
"GET /bookquery/page_handler/?page=4 HTTP/1.1" 301 0
"GET /bookquery/page_handler/?page=4 HTTP/1.1" 301 0
"GET /bookquery/page_handler/?page=4 HTTP/1.1" 301 0
"GET /bookquery/page_handler/?page=4 HTTP/1.1" 301 0
"GET /bookquery/page_handler/?page=4 HTTP/1.1" 301 0
"GET /bookquery/page_handler/?page=4 HTTP/1.1" 301 0
"GET /bookquery/page_handler/?page=4 HTTP/1.1" 301 0
"GET /bookquery/page_handler/?page=4 HTTP/1.1" 301 0
"GET /bookquery/page_handler/?page=4 HTTP/1.1" 301 0
"GET /bookquery/page_handler/?page=6 HTTP/1.1" 301 0
"GET /bookquery/page_handler/?page=6 HTTP/1.1" 301 0
"GET /bookquery/page_handler/?page=6 HTTP/1.1" 301 0
"GET /bookquery/page_handler/?page=6 HTTP/1.1" 301 0
"GET /bookquery/page_handler/?page=6 HTTP/1.1" 301 0
"GET /bookquery/page_handler/?page=6 HTTP/1.1" 301 0
"GET /bookquery/page_handler/?page=6 HTTP/1.1" 301 0
"GET /bookquery/page_handler/?page=6 HTTP/1.1" 301 0
"GET /bookquery/page_handler/?page=6 HTTP/1.1" 301 0
"GET /bookquery/page_handler/?page=6 HTTP/1.1" 301 0
"GET /bookquery/page_handler/?page=6 HTTP/1.1" 301 0
"GET /bookquery/page_handler/?page=6 HTTP/1.1" 301 0
"GET /bookquery/page_handler/?page=6 HTTP/1.1" 301 0
"GET /bookquery/page_handler/?page=6 HTTP/1.1" 301 0
"GET /bookquery/page_handler/?page=6 HTTP/1.1" 301 0
"GET /bookquery/page_handler/?page=6 HTTP/1.1" 301 0
"GET /bookquery/page_handler/?page=6 HTTP/1.1" 301 0
"GET /bookquery/page_handler/?page=6 HTTP/1.1" 301 0
"GET /bookquery/page_handler/?page=6 HTTP/1.1" 301 0
"GET /bookquery/page_handler/?page=6 HTTP/1.1" 301 0
"GET /bookquery/page_handler/ HTTP/1.1" 404 4837
"GET /bookquery/page_handler/ HTTP/1.1" 500 66627
"GET /bookquery/page_handler/ HTTP/1.1" 500 66627
"GET /bookquery/page_handler/ HTTP/1.1" 500 66627
"GET /bookquery/page_handler/ HTTP/1.1" 500 70512
"GET /bookquery/page_handler/ HTTP/1.1" 500 70512
"GET /bookquery/page_handler/ HTTP/1.1" 500 70512
"GET /bookquery/page_handler/ HTTP/1.1" 200 277
"GET /bookquery/page_handler/?page=2 HTTP/1.1" 200 287
"GET /bookquery/page_handler/?page=3 HTTP/1.1" 200 300
"GET /bookquery/page_handler/?page=4 HTTP/1.1" 200 287
"GET /bookquery/page_handler/?page=5 HTTP/1.1" 200 293
"GET /bookquery/login_new HTTP/1.1" 301 0
"GET /bookquery/login_new/ HTTP/1.1" 200 5487
"GET /static/assets/js/scripts.js HTTP/1.1" 200 709
"GET /static/assets/bootstrap/css/bootstrap.min.css HTTP/1.1" 200 8192
"GET /static/assets/css/form-elements.css HTTP/1.1" 200 2508
- Broken pipe from ('127.0.0.1', 59004)

- Broken pipe from ('127.0.0.1', 59000)

"GET /static/assets/css/style.css HTTP/1.1" 200 3639
- Broken pipe from ('127.0.0.1', 59006)

"GET /static/assets/font-awesome/css/font-awesome.min.css HTTP/1.1" 200 8192
- Broken pipe from ('127.0.0.1', 59002)

"GET /static/assets/font-awesome/fonts/fontawesome-webfont.woff2?v=4.3.0 HTTP/1.1" 200 8192
- Broken pipe from ('127.0.0.1', 59016)

"GET /bookquery/login_new/assets/img/backgrounds/1.jpg HTTP/1.1" 404 4868
"GET /static/assets/ico/favicon.png HTTP/1.1" 200 459
- Broken pipe from ('127.0.0.1', 59020)

"POST /bookquery/login/ HTTP/1.1" 302 0
"GET /bookquery/not_found/%E8%B4%A6%E5%8F%B7%E4%B8%8D%E5%AD%98%E5%9C%A8%E7%9A%84!/ HTTP/1.1" 200 524
"GET /bookquery/not_found/register/ HTTP/1.1" 200 513
"GET /bookquery/not_found/register/ HTTP/1.1" 200 513
"GET /bookquery/index/ HTTP/1.1" 200 3105
"GET /bookquery/register/ HTTP/1.1" 200 883
"GET /bookquery/register/ HTTP/1.1" 200 883
"POST /bookquery/register_save/ HTTP/1.1" 302 0
"GET /bookquery/index/ HTTP/1.1" 200 3102
"GET /bookquery/logout/ HTTP/1.1" 302 0
"GET /bookquery/index/ HTTP/1.1" 200 3105
"POST /bookquery/login/ HTTP/1.1" 302 0
"GET /bookquery/index/ HTTP/1.1" 200 3102
"POST /bookquery/login/ HTTP/1.1" 302 0
"GET /bookquery/not_found/%E5%AF%86%E7%A0%81%E9%94%99%E8%AF%AF!/ HTTP/1.1" 200 518
"GET /bookquery/not_found/register/ HTTP/1.1" 200 513
"GET /bookquery/not_found/register/ HTTP/1.1" 200 513
"GET /bookquery/not_found/register/ HTTP/1.1" 200 513
"GET /static/bootstrap/css/bootstrap.css HTTP/1.1" 304 0
"GET /static/bootstrap/css/bootstrap-theme.css HTTP/1.1" 304 0
"GET /static/bootstrap/js/jquery.min.js HTTP/1.1" 304 0
"GET /static/bootstrap/js/bootstrap.min.js HTTP/1.1" 304 0
"GET /bookquery/not_found/register/ HTTP/1.1" 200 513
"GET /static/bootstrap/css/bootstrap.css HTTP/1.1" 304 0
"GET /static/bootstrap/js/jquery.min.js HTTP/1.1" 304 0
"GET /static/bootstrap/css/bootstrap-theme.css HTTP/1.1" 304 0
"GET /static/bootstrap/js/bootstrap.min.js HTTP/1.1" 304 0
"GET /bookquery/not_found/register/ HTTP/1.1" 200 513
"GET /static/bootstrap/css/bootstrap.css HTTP/1.1" 304 0
"GET /static/bootstrap/css/bootstrap-theme.css HTTP/1.1" 304 0
"GET /static/bootstrap/js/jquery.min.js HTTP/1.1" 304 0
"GET /static/bootstrap/js/bootstrap.min.js HTTP/1.1" 304 0
"POST /bookquery/login/ HTTP/1.1" 302 0
"GET /bookquery/not_found/%E5%AF%86%E7%A0%81%E9%94%99%E8%AF%AF!/ HTTP/1.1" 200 518
"GET /bookquery/index/ HTTP/1.1" 200 3102
"GET /bookquery/not_found/register/ HTTP/1.1" 200 513
"GET /bookquery/not_found/%E5%AF%86%E7%A0%81%E9%94%99%E8%AF%AF!/ HTTP/1.1" 200 516
"GET /static/bootstrap/css/bootstrap.css HTTP/1.1" 304 0
"GET /static/bootstrap/css/bootstrap-theme.css HTTP/1.1" 304 0
"GET /static/bootstrap/js/jquery.min.js HTTP/1.1" 304 0
"GET /static/bootstrap/js/bootstrap.min.js HTTP/1.1" 304 0
"GET /bookquery/not_found/%E5%AF%86%E7%A0%81%E9%94%99%E8%AF%AF!/ HTTP/1.1" 200 516
"GET /static/bootstrap/css/bootstrap.css HTTP/1.1" 304 0
"GET /static/bootstrap/css/bootstrap-theme.css HTTP/1.1" 304 0
"GET /static/bootstrap/js/jquery.min.js HTTP/1.1" 304 0
"GET /static/bootstrap/js/bootstrap.min.js HTTP/1.1" 304 0
"GET /bookquery/index/ HTTP/1.1" 200 3102
"GET /register/ HTTP/1.1" 404 2045
"GET /bookquery/not_found/%E5%AF%86%E7%A0%81%E9%94%99%E8%AF%AF!/ HTTP/1.1" 200 517
"GET /static/bootstrap/css/bootstrap.css HTTP/1.1" 304 0
"GET /static/bootstrap/css/bootstrap-theme.css HTTP/1.1" 304 0
"GET /static/bootstrap/js/jquery.min.js HTTP/1.1" 304 0
"GET /static/bootstrap/js/bootstrap.min.js HTTP/1.1" 304 0
"GET /bookquery/not_found/%E5%AF%86%E7%A0%81%E9%94%99%E8%AF%AF!/ HTTP/1.1" 200 517
"GET /static/bootstrap/css/bootstrap.css HTTP/1.1" 304 0
"GET /static/bootstrap/css/bootstrap-theme.css HTTP/1.1" 304 0
"GET /static/bootstrap/js/jquery.min.js HTTP/1.1" 304 0
"GET /static/bootstrap/js/bootstrap.min.js HTTP/1.1" 304 0
"GET /bookquery/not_found/%E5%AF%86%E7%A0%81%E9%94%99%E8%AF%AF!/register/ HTTP/1.1" 200 526
"GET /bookquery/not_found/%E5%AF%86%E7%A0%81%E9%94%99%E8%AF%AF!/register/ HTTP/1.1" 200 527
"GET /static/bootstrap/css/bootstrap.css HTTP/1.1" 304 0
"GET /static/bootstrap/css/bootstrap-theme.css HTTP/1.1" 304 0
"GET /static/bootstrap/js/jquery.min.js HTTP/1.1" 304 0
"GET /static/bootstrap/js/bootstrap.min.js HTTP/1.1" 304 0
"POST /bookquery/login/ HTTP/1.1" 302 0
"GET /bookquery/not_found/%E5%AF%86%E7%A0%81%E9%94%99%E8%AF%AF!/ HTTP/1.1" 200 518
"GET /bookquery/not_found/register/ HTTP/1.1" 200 513
"GET /bookquery/not_found/register/ HTTP/1.1" 200 521
"GET /static/bootstrap/css/bootstrap.css HTTP/1.1" 304 0
"GET /static/bootstrap/css/bootstrap-theme.css HTTP/1.1" 304 0
"GET /static/bootstrap/js/jquery.min.js HTTP/1.1" 304 0
"GET /static/bootstrap/js/bootstrap.min.js HTTP/1.1" 304 0
"GET /bookquery/not_found/register/ HTTP/1.1" 200 521
"GET /static/bootstrap/css/bootstrap.css HTTP/1.1" 304 0
"GET /static/bootstrap/css/bootstrap-theme.css HTTP/1.1" 304 0
"GET /static/bootstrap/js/jquery.min.js HTTP/1.1" 304 0
"GET /static/bootstrap/js/bootstrap.min.js HTTP/1.1" 304 0
"POST /bookquery/login/ HTTP/1.1" 302 0
"GET /bookquery/not_found/%E5%AF%86%E7%A0%81%E9%94%99%E8%AF%AF!/ HTTP/1.1" 200 526
"GET /bookquery/register/ HTTP/1.1" 200 883
"GET /bookquery/index/ HTTP/1.1" 200 3102
"POST /bookquery/login/ HTTP/1.1" 302 0
"GET /bookquery/not_found/%E8%B4%A6%E5%8F%B7%E4%B8%8D%E5%AD%98%E5%9C%A8%E7%9A%84!/ HTTP/1.1" 200 532
"GET /bookquery/register/ HTTP/1.1" 200 883
"GET /bookquery/index/ HTTP/1.1" 200 3102
"GET /admin/ HTTP/1.1" 302 0
"GET /admin/login/?next=/admin/ HTTP/1.1" 200 1655
"GET /static/admin/css/base.css HTTP/1.1" 200 15937
"GET /static/admin/css/login.css HTTP/1.1" 200 1203
"GET /static/admin/css/fonts.css HTTP/1.1" 200 423
"GET /static/admin/fonts/Roboto-Regular-webfont.woff HTTP/1.1" 200 80304
"GET /static/admin/fonts/Roboto-Light-webfont.woff HTTP/1.1" 200 81348
"GET /bookquery/index/ HTTP/1.1" 200 3573
"GET /static/bootstrap/css/bootstrap.css HTTP/1.1" 304 0
"GET /static/bootstrap/css/bootstrap-theme.css HTTP/1.1" 304 0
"GET /static/bootstrap/js/jquery.min.js HTTP/1.1" 304 0
"GET /static/bootstrap/js/bootstrap.min.js HTTP/1.1" 304 0
"GET /bookquery/index/book_info/%E6%9D%80%E6%AD%BB%E4%B8%80%E5%8F%AA%E7%9F%A5%E6%9B%B4%E9%B8%9F/ HTTP/1.1" 200 920
"GET /bookquery/login_new/ HTTP/1.1" 200 5487
"GET /bookquery/login_new/assets/img/backgrounds/1.jpg HTTP/1.1" 404 4868
"GET /bookquery/login_new/ HTTP/1.1" 200 5490
"GET /static/assets/font-awesome/css/font-awesome.min.css HTTP/1.1" 304 0
"GET /static/assets/bootstrap/css/bootstrap.min.css HTTP/1.1" 304 0
"GET /static/assets/css/style.css HTTP/1.1" 304 0
"GET /static/assets/css/form-elements.css HTTP/1.1" 304 0
"GET /static/assets/js/jquery.backstretch.min.js HTTP/1.1" 304 0
"GET /static/assets/js/jquery-1.11.1.min.js HTTP/1.1" 304 0
"GET /static/assets/js/scripts.js HTTP/1.1" 304 0
"GET /static/assets/bootstrap/js/bootstrap.min.js HTTP/1.1" 304 0
"GET /bookquery/login_new/assets/img/backgrounds/1.jpg HTTP/1.1" 404 4868
"GET /bookquery/login_new/ HTTP/1.1" 200 5511
"GET /static/assets/bootstrap/css/bootstrap.min.css HTTP/1.1" 304 0
"GET /static/assets/font-awesome/css/font-awesome.min.css HTTP/1.1" 304 0
"GET /static/assets/css/form-elements.css HTTP/1.1" 304 0
"GET /static/assets/css/style.css HTTP/1.1" 304 0
"GET /static/assets/js/jquery-1.11.1.min.js HTTP/1.1" 304 0
"GET /static/assets/bootstrap/js/bootstrap.min.js HTTP/1.1" 304 0
"GET /static/assets/js/jquery.backstretch.min.js HTTP/1.1" 304 0
"GET /static/assets/js/scripts.js HTTP/1.1" 304 0
"GET /bookquery/login_new/assets/img/backgrounds/1.jpg HTTP/1.1" 404 4868
"GET /bookquery/login_new/ HTTP/1.1" 200 5510
"GET /static/assets/bootstrap/css/bootstrap.min.css HTTP/1.1" 304 0
"GET /static/assets/font-awesome/css/font-awesome.min.css HTTP/1.1" 304 0
"GET /static/assets/css/form-elements.css HTTP/1.1" 304 0
"GET /static/assets/css/style.css HTTP/1.1" 304 0
"GET /static/assets/js/jquery-1.11.1.min.js HTTP/1.1" 304 0
"GET /static/assets/bootstrap/js/bootstrap.min.js HTTP/1.1" 304 0
"GET /static/assets/js/jquery.backstretch.min.js HTTP/1.1" 304 0
"GET /static/assets/js/scripts.js HTTP/1.1" 304 0
"GET /bookquery/login_new/assets/img/backgrounds/1.jpg HTTP/1.1" 404 4868
"GET /bookquery/login_new/ HTTP/1.1" 200 5510
"GET /static/assets/bootstrap/css/bootstrap.min.css HTTP/1.1" 304 0
"GET /static/assets/font-awesome/css/font-awesome.min.css HTTP/1.1" 304 0
"GET /static/assets/css/form-elements.css HTTP/1.1" 304 0
"GET /static/assets/css/style.css HTTP/1.1" 304 0
"GET /static/assets/js/jquery-1.11.1.min.js HTTP/1.1" 304 0
"GET /static/assets/bootstrap/js/bootstrap.min.js HTTP/1.1" 304 0
"GET /static/assets/js/jquery.backstretch.min.js HTTP/1.1" 304 0
"GET /static/assets/js/scripts.js HTTP/1.1" 304 0
"GET /bookquery/login_new/assets/img/backgrounds/1.jpg HTTP/1.1" 404 4868
"GET /bookquery/login_new/ HTTP/1.1" 200 5510
"GET /static/assets/bootstrap/css/bootstrap.min.css HTTP/1.1" 304 0
"GET /static/assets/font-awesome/css/font-awesome.min.css HTTP/1.1" 304 0
"GET /static/assets/css/form-elements.css HTTP/1.1" 304 0
"GET /static/assets/css/style.css HTTP/1.1" 304 0
"GET /static/assets/js/jquery-1.11.1.min.js HTTP/1.1" 304 0
"GET /static/assets/bootstrap/js/bootstrap.min.js HTTP/1.1" 304 0
"GET /static/assets/js/jquery.backstretch.min.js HTTP/1.1" 304 0
"GET /static/assets/js/scripts.js HTTP/1.1" 304 0
"GET /bookquery/login_new/assets/img/backgrounds/1.jpg HTTP/1.1" 404 4868
"GET /bookquery/login_new/ HTTP/1.1" 200 5504
"GET /static/assets/bootstrap/css/bootstrap.min.css HTTP/1.1" 304 0
"GET /static/assets/font-awesome/css/font-awesome.min.css HTTP/1.1" 304 0
"GET /static/assets/css/form-elements.css HTTP/1.1" 304 0
"GET /static/assets/js/jquery-1.11.1.min.js HTTP/1.1" 304 0
"GET /static/assets/css/style.css HTTP/1.1" 304 0
"GET /static/assets/js/jquery.backstretch.min.js HTTP/1.1" 304 0
"GET /static/assets/bootstrap/js/bootstrap.min.js HTTP/1.1" 304 0
"GET /static/assets/js/scripts.js HTTP/1.1" 304 0
"GET /bookquery/login_new/assets/img/backgrounds/1.jpg HTTP/1.1" 404 4868
"GET /bookquery/index/ HTTP/1.1" 200 3579
"GET /static/bootstrap/css/bootstrap.css HTTP/1.1" 304 0
"GET /static/bootstrap/css/bootstrap-theme.css HTTP/1.1" 304 0
"GET /static/bootstrap/js/jquery.min.js HTTP/1.1" 304 0
"GET /static/bootstrap/js/bootstrap.min.js HTTP/1.1" 304 0
"GET /bookquery/index/ HTTP/1.1" 200 3579
"GET /static/bootstrap/css/bootstrap.css HTTP/1.1" 304 0
"GET /static/bootstrap/css/bootstrap-theme.css HTTP/1.1" 304 0
"GET /static/bootstrap/js/jquery.min.js HTTP/1.1" 304 0
"GET /static/bootstrap/js/bootstrap.min.js HTTP/1.1" 304 0
"GET /bookquery/index/book_update/%E6%9D%80%E6%AD%BB%E4%B8%80%E5%8F%AA%E7%9F%A5%E6%9B%B4%E9%B8%9F/ HTTP/1.1" 200 911
"GET /bookquery/index/book_update/%E6%9D%80%E6%AD%BB%E4%B8%80%E5%8F%AA%E7%9F%A5%E6%9B%B4%E9%B8%9F/ HTTP/1.1" 200 1165
"GET /static/bootstrap/css/bootstrap.css HTTP/1.1" 304 0
"GET /static/bootstrap/css/bootstrap-theme.css HTTP/1.1" 304 0
"GET /static/bootstrap/js/jquery.min.js HTTP/1.1" 304 0
"GET /static/bootstrap/js/bootstrap.min.js HTTP/1.1" 304 0
"GET /bookquery/index/book_update/%E6%9D%80%E6%AD%BB%E4%B8%80%E5%8F%AA%E7%9F%A5%E6%9B%B4%E9%B8%9F/ HTTP/1.1" 200 1169
"GET /static/bootstrap/css/bootstrap.css HTTP/1.1" 304 0
"GET /static/bootstrap/css/bootstrap-theme.css HTTP/1.1" 304 0
"GET /static/bootstrap/js/jquery.min.js HTTP/1.1" 304 0
"GET /static/bootstrap/js/bootstrap.min.js HTTP/1.1" 304 0
"GET /bookquery/index/book_update/%E6%9D%80%E6%AD%BB%E4%B8%80%E5%8F%AA%E7%9F%A5%E6%9B%B4%E9%B8%9F/ HTTP/1.1" 200 1559
"GET /static/bootstrap/css/bootstrap.css HTTP/1.1" 304 0
"GET /static/bootstrap/css/bootstrap-theme.css HTTP/1.1" 304 0
"GET /static/bootstrap/js/jquery.min.js HTTP/1.1" 304 0
"GET /static/bootstrap/js/bootstrap.min.js HTTP/1.1" 304 0
"POST /bookquery/index/book_update/%E6%9D%80%E6%AD%BB%E4%B8%80%E5%8F%AA%E7%9F%A5%E6%9B%B4%E9%B8%9F/ HTTP/1.1" 200 1559
"POST /bookquery/index/book_update/%E6%9D%80%E6%AD%BB%E4%B8%80%E5%8F%AA%E7%9F%A5%E6%9B%B4%E9%B8%9F/ HTTP/1.1" 200 1557
"GET /static/bootstrap/css/bootstrap.css HTTP/1.1" 304 0
"GET /static/bootstrap/css/bootstrap-theme.css HTTP/1.1" 304 0
"GET /static/bootstrap/js/jquery.min.js HTTP/1.1" 304 0
"GET /static/bootstrap/js/bootstrap.min.js HTTP/1.1" 304 0
"POST /bookquery/index/book_update/%E6%9D%80%E6%AD%BB%E4%B8%80%E5%8F%AA%E7%9F%A5%E6%9B%B4%E9%B8%9F/ HTTP/1.1" 200 1531
"GET /static/bootstrap/css/bootstrap.css HTTP/1.1" 304 0
"GET /static/bootstrap/css/bootstrap-theme.css HTTP/1.1" 304 0
"GET /static/bootstrap/js/jquery.min.js HTTP/1.1" 304 0
"GET /static/bootstrap/js/bootstrap.min.js HTTP/1.1" 304 0
"GET /bookquery/index/book_update/%E6%88%91%E5%9C%A8%E6%95%85%E5%AE%AB%E4%BF%AE%E6%96%87%E7%89%A9/ HTTP/1.1" 200 1522
"POST /bookquery/index/book_update/%E6%88%91%E5%9C%A8%E6%95%85%E5%AE%AB%E4%BF%AE%E6%96%87%E7%89%A9/ HTTP/1.1" 200 1522
"GET /bookquery/index/ HTTP/1.1" 200 3579
"GET /static/bootstrap/css/bootstrap-theme.css HTTP/1.1" 304 0
"GET /static/bootstrap/css/bootstrap.css HTTP/1.1" 304 0
"GET /static/bootstrap/js/jquery.min.js HTTP/1.1" 304 0
"GET /static/bootstrap/js/bootstrap.min.js HTTP/1.1" 304 0
"GET /bookquery/index/ HTTP/1.1" 200 3579
"GET /static/bootstrap/css/bootstrap.css HTTP/1.1" 304 0
"GET /static/bootstrap/css/bootstrap-theme.css HTTP/1.1" 304 0
"GET /static/bootstrap/js/jquery.min.js HTTP/1.1" 304 0
"GET /static/bootstrap/js/bootstrap.min.js HTTP/1.1" 304 0
"GET /bookquery/index/book_update/%E6%9D%80%E6%AD%BB%E4%B8%80%E5%8F%AA%E7%9F%A5%E6%9B%B4%E9%B8%9F/ HTTP/1.1" 200 1629
"POST /bookquery/index/save_book_update/%E6%9D%80%E6%AD%BB%E4%B8%80%E5%8F%AA%E7%9F%A5%E6%9B%B4%E9%B8%9F/ HTTP/1.1" 500 73581
"GET /bookquery/index/ HTTP/1.1" 200 3579
"GET /static/bootstrap/css/bootstrap.css HTTP/1.1" 304 0
"GET /static/bootstrap/css/bootstrap-theme.css HTTP/1.1" 304 0
"GET /static/bootstrap/js/jquery.min.js HTTP/1.1" 304 0
"GET /static/bootstrap/js/bootstrap.min.js HTTP/1.1" 304 0
"GET /bookquery/index/book_update/%E6%9D%80%E6%AD%BB%E4%B8%80%E5%8F%AA%E7%9F%A5%E6%9B%B4%E9%B8%9F/ HTTP/1.1" 200 1629
"POST /bookquery/index/save_book_update/%E6%9D%80%E6%AD%BB%E4%B8%80%E5%8F%AA%E7%9F%A5%E6%9B%B4%E9%B8%9F/ HTTP/1.1" 302 0
"GET /bookquery/index/ HTTP/1.1" 200 3581
"GET /bookquery/index/book_update/%E6%9D%80%E6%AD%BB%E4%B8%80%E5%8F%AA%E7%9F%A5%E6%9B%B4%E9%B8%9F1/ HTTP/1.1" 200 1630
"POST /bookquery/index/save_book_update/%E6%9D%80%E6%AD%BB%E4%B8%80%E5%8F%AA%E7%9F%A5%E6%9B%B4%E9%B8%9F1/ HTTP/1.1" 500 103177
"POST /bookquery/index/save_book_update/%E6%9D%80%E6%AD%BB%E4%B8%80%E5%8F%AA%E7%9F%A5%E6%9B%B4%E9%B8%9F1/ HTTP/1.1" 500 103306
"POST /bookquery/index/save_book_update/%E6%9D%80%E6%AD%BB%E4%B8%80%E5%8F%AA%E7%9F%A5%E6%9B%B4%E9%B8%9F1/ HTTP/1.1" 500 108458
"POST /bookquery/index/save_book_update/%E6%9D%80%E6%AD%BB%E4%B8%80%E5%8F%AA%E7%9F%A5%E6%9B%B4%E9%B8%9F1/ HTTP/1.1" 302 0
"GET /bookquery/index/ HTTP/1.1" 200 3579
"GET /bookquery/index/book_update/%E6%9D%80%E6%AD%BB%E4%B8%80%E5%8F%AA%E7%9F%A5%E6%9B%B4%E9%B8%9F1/ HTTP/1.1" 500 80286
"GET /bookquery/index/ HTTP/1.1" 200 3579
"GET /static/bootstrap/css/bootstrap-theme.css HTTP/1.1" 304 0
"GET /static/bootstrap/css/bootstrap.css HTTP/1.1" 304 0
"GET /static/bootstrap/js/jquery.min.js HTTP/1.1" 304 0
"GET /static/bootstrap/js/bootstrap.min.js HTTP/1.1" 304 0
"GET /bookquery/index/book_update/%E6%9D%80%E6%AD%BB%E4%B8%80%E5%8F%AA%E7%9F%A5%E6%9B%B4%E9%B8%9F/ HTTP/1.1" 200 1629
"POST /bookquery/index/save_book_update/%E6%9D%80%E6%AD%BB%E4%B8%80%E5%8F%AA%E7%9F%A5%E6%9B%B4%E9%B8%9F/ HTTP/1.1" 500 87580
"GET /bookquery/index/ HTTP/1.1" 200 3579
"GET /static/bootstrap/css/bootstrap.css HTTP/1.1" 304 0
"GET /static/bootstrap/css/bootstrap-theme.css HTTP/1.1" 304 0
"GET /static/bootstrap/js/jquery.min.js HTTP/1.1" 304 0
"GET /static/bootstrap/js/bootstrap.min.js HTTP/1.1" 304 0
"GET /bookquery/index/book_update/%E6%9D%80%E6%AD%BB%E4%B8%80%E5%8F%AA%E7%9F%A5%E6%9B%B4%E9%B8%9F/ HTTP/1.1" 200 1629
"POST /bookquery/index/save_book_update/%E6%9D%80%E6%AD%BB%E4%B8%80%E5%8F%AA%E7%9F%A5%E6%9B%B4%E9%B8%9F/ HTTP/1.1" 302 0
"GET /bookquery/index/book_update// HTTP/1.1" 500 79411
"GET /bookquery/index/ HTTP/1.1" 200 3579
"GET /static/bootstrap/css/bootstrap.css HTTP/1.1" 304 0
"GET /static/bootstrap/css/bootstrap-theme.css HTTP/1.1" 304 0
"GET /static/bootstrap/js/jquery.min.js HTTP/1.1" 304 0
"GET /static/bootstrap/js/bootstrap.min.js HTTP/1.1" 304 0
"GET /bookquery/index/ HTTP/1.1" 200 3579
"GET /static/bootstrap/css/bootstrap.css HTTP/1.1" 304 0
"GET /static/bootstrap/css/bootstrap-theme.css HTTP/1.1" 304 0
"GET /static/bootstrap/js/jquery.min.js HTTP/1.1" 304 0
"GET /static/bootstrap/js/bootstrap.min.js HTTP/1.1" 304 0
"GET /bookquery/index/book_update/%E6%9D%80%E6%AD%BB%E4%B8%80%E5%8F%AA%E7%9F%A5%E6%9B%B4%E9%B8%9F/ HTTP/1.1" 200 1629
"POST /bookquery/index/save_book_update/%E6%9D%80%E6%AD%BB%E4%B8%80%E5%8F%AA%E7%9F%A5%E6%9B%B4%E9%B8%9F/ HTTP/1.1" 302 0
"GET /bookquery/index/ HTTP/1.1" 200 3583
"GET /admin/bookquery/userinfo/ HTTP/1.1" 200 8773
"GET /static/admin/css/base.css HTTP/1.1" 304 0
"GET /static/admin/css/changelists.css HTTP/1.1" 304 0
"GET /static/admin/js/vendor/jquery/jquery.js HTTP/1.1" 304 0
"GET /static/admin/js/core.js HTTP/1.1" 304 0
"GET /static/admin/js/jquery.init.js HTTP/1.1" 200 363
"GET /static/admin/js/admin/RelatedObjectLookups.js HTTP/1.1" 304 0
"GET /static/admin/js/actions.js HTTP/1.1" 304 0
"GET /static/admin/js/urlify.js HTTP/1.1" 304 0
"GET /admin/jsi18n/ HTTP/1.1" 200 7484
"GET /static/admin/js/vendor/xregexp/xregexp.js HTTP/1.1" 304 0
"GET /static/admin/js/prepopulate.js HTTP/1.1" 304 0
"GET /static/admin/css/fonts.css HTTP/1.1" 304 0
"GET /static/admin/img/search.svg HTTP/1.1" 304 0
"GET /static/admin/img/sorting-icons.svg HTTP/1.1" 304 0
"GET /static/admin/img/tooltag-add.svg HTTP/1.1" 304 0
"GET /admin/ HTTP/1.1" 200 7543
"GET /static/admin/img/icon-deletelink.svg HTTP/1.1" 200 392
"GET /admin/bookquery/book/ HTTP/1.1" 200 4693
"GET /admin/jsi18n/ HTTP/1.1" 200 7484
"GET /admin/bookquery/book/add/ HTTP/1.1" 200 7936
"GET /admin/jsi18n/ HTTP/1.1" 200 7484
"GET /static/admin/css/forms.css HTTP/1.1" 304 0
"GET /static/admin/js/change_form.js HTTP/1.1" 200 698
- Broken pipe from ('127.0.0.1', 60190)

"GET /static/admin/js/calendar.js HTTP/1.1" 200 7790
"GET /static/admin/js/prepopulate_init.js HTTP/1.1" 200 495
- Broken pipe from ('127.0.0.1', 60192)

"GET /static/admin/js/admin/DateTimeShortcuts.js HTTP/1.1" 200 20529
"GET /static/admin/img/icon-calendar.svg HTTP/1.1" 200 1086
"GET /admin/bookquery/author/add/?_to_field=id&_popup=1 HTTP/1.1" 200 3376
"GET /admin/jsi18n/ HTTP/1.1" 200 7484
"POST /admin/bookquery/author/add/?_to_field=id&_popup=1 HTTP/1.1" 200 406
"GET /static/admin/js/popup_response.js HTTP/1.1" 200 569
"GET /admin/bookquery/publisher/add/?_to_field=id&_popup=1 HTTP/1.1" 200 3903
"GET /admin/jsi18n/ HTTP/1.1" 200 7484
"POST /admin/bookquery/publisher/add/?_to_field=id&_popup=1 HTTP/1.1" 200 399
"GET /static/admin/js/popup_response.js HTTP/1.1" 304 0
"GET /static/admin/img/calendar-icons.svg HTTP/1.1" 200 1094
"POST /admin/bookquery/book/add/ HTTP/1.1" 302 0
"GET /admin/bookquery/book/add/ HTTP/1.1" 200 8262
"GET /admin/jsi18n/ HTTP/1.1" 200 7484
"GET /static/admin/js/calendar.js HTTP/1.1" 200 7790
"GET /static/admin/js/admin/DateTimeShortcuts.js HTTP/1.1" 304 0
"GET /admin/bookquery/publisher/add/?_to_field=id&_popup=1 HTTP/1.1" 200 3903
"GET /admin/jsi18n/ HTTP/1.1" 200 7484
"POST /admin/bookquery/publisher/add/?_to_field=id&_popup=1 HTTP/1.1" 200 399
"POST /admin/bookquery/book/add/ HTTP/1.1" 302 0
"GET /admin/bookquery/book/add/ HTTP/1.1" 200 8299
"GET /static/admin/js/calendar.js HTTP/1.1" 304 0
"GET /admin/jsi18n/ HTTP/1.1" 200 7484
"GET /admin/bookquery/author/add/?_to_field=id&_popup=1 HTTP/1.1" 200 3376
"GET /admin/jsi18n/ HTTP/1.1" 200 7484
"POST /admin/bookquery/author/add/?_to_field=id&_popup=1 HTTP/1.1" 200 3537
"GET /admin/jsi18n/ HTTP/1.1" 200 7484
"POST /admin/bookquery/author/add/?_to_field=id&_popup=1 HTTP/1.1" 200 381
"GET /admin/bookquery/publisher/add/?_to_field=id&_popup=1 HTTP/1.1" 200 3903
"GET /admin/jsi18n/ HTTP/1.1" 200 7484
"POST /admin/bookquery/publisher/add/?_to_field=id&_popup=1 HTTP/1.1" 200 393
"POST /admin/bookquery/book/add/ HTTP/1.1" 302 0
"GET /admin/bookquery/book/add/ HTTP/1.1" 200 8376
"GET /admin/jsi18n/ HTTP/1.1" 200 7484
"POST /admin/bookquery/book/add/ HTTP/1.1" 302 0
"GET /admin/bookquery/book/add/ HTTP/1.1" 200 8397
"GET /admin/jsi18n/ HTTP/1.1" 200 7484
"GET /admin/bookquery/author/add/?_to_field=id&_popup=1 HTTP/1.1" 200 3376
"GET /admin/jsi18n/ HTTP/1.1" 200 7484
"POST /admin/bookquery/author/add/?_to_field=id&_popup=1 HTTP/1.1" 200 375
"POST /admin/bookquery/book/add/ HTTP/1.1" 302 0
"GET /admin/bookquery/book/add/ HTTP/1.1" 200 8419
"GET /admin/jsi18n/ HTTP/1.1" 200 7484
"GET /admin/bookquery/book/ HTTP/1.1" 200 5863
"GET /admin/jsi18n/ HTTP/1.1" 200 7484
"GET /static/admin/css/changelists.css HTTP/1.1" 200 6117
- Broken pipe from ('127.0.0.1', 60602)

"GET /static/admin/img/tooltag-add.svg HTTP/1.1" 200 331
- Broken pipe from ('127.0.0.1', 60604)

"GET /admin/bookquery/book/add/ HTTP/1.1" 200 8192
"GET /admin/jsi18n/ HTTP/1.1" 200 7484
"POST /admin/bookquery/book/add/ HTTP/1.1" 302 0
"GET /admin/bookquery/book/add/ HTTP/1.1" 200 8413
"GET /admin/jsi18n/ HTTP/1.1" 200 7484
"POST /admin/bookquery/book/add/ HTTP/1.1" 302 0
"GET /admin/bookquery/book/add/ HTTP/1.1" 200 8417
"GET /admin/jsi18n/ HTTP/1.1" 200 7484
"GET /admin/bookquery/publisher/add/?_to_field=id&_popup=1 HTTP/1.1" 200 3903
"GET /admin/jsi18n/ HTTP/1.1" 200 7484
"POST /admin/bookquery/book/add/ HTTP/1.1" 302 0
"GET /admin/bookquery/book/add/ HTTP/1.1" 200 8411
"GET /admin/jsi18n/ HTTP/1.1" 200 7484
"GET /admin/bookquery/author/add/?_to_field=id&_popup=1 HTTP/1.1" 200 3376
"GET /admin/jsi18n/ HTTP/1.1" 200 7484
"POST /admin/bookquery/author/add/?_to_field=id&_popup=1 HTTP/1.1" 200 375
"POST /admin/bookquery/book/add/ HTTP/1.1" 302 0
"GET /admin/bookquery/book/add/ HTTP/1.1" 200 8448
"GET /admin/jsi18n/ HTTP/1.1" 200 7484
"GET /admin/bookquery/book/ HTTP/1.1" 200 6784
"GET /admin/jsi18n/ HTTP/1.1" 200 7484
"GET /bookquery/index/ HTTP/1.1" 200 9333
"GET /static/bootstrap/js/jquery.min.js HTTP/1.1" 304 0
"GET /static/bootstrap/js/bootstrap.min.js HTTP/1.1" 304 0
"GET /static/bootstrap/css/bootstrap-theme.css HTTP/1.1" 200 26132
"GET /static/bootstrap/css/bootstrap.css HTTP/1.1" 200 146010
"GET /admin/bookquery/book/add/ HTTP/1.1" 200 8226
"GET /admin/jsi18n/ HTTP/1.1" 200 7484
"GET /static/admin/img/icon-addlink.svg HTTP/1.1" 200 331
- Broken pipe from ('127.0.0.1', 60784)

"GET /static/admin/img/icon-calendar.svg HTTP/1.1" 200 1086
- Broken pipe from ('127.0.0.1', 60786)

"POST /admin/bookquery/book/add/ HTTP/1.1" 302 0
"GET /admin/bookquery/book/ HTTP/1.1" 200 7200
"GET /admin/jsi18n/ HTTP/1.1" 200 7484
"GET /bookquery/index/ HTTP/1.1" 200 10001
"GET /static/bootstrap/css/bootstrap.css HTTP/1.1" 304 0
"GET /static/bootstrap/css/bootstrap-theme.css HTTP/1.1" 304 0
"GET /static/bootstrap/js/jquery.min.js HTTP/1.1" 304 0
"GET /static/bootstrap/js/bootstrap.min.js HTTP/1.1" 304 0
"GET /bookquery/index/ HTTP/1.1" 500 79295
"GET /bookquery/index/ HTTP/1.1" 200 4278
"GET /static/bootstrap/css/bootstrap.css HTTP/1.1" 304 0
"GET /static/bootstrap/css/bootstrap-theme.css HTTP/1.1" 304 0
"GET /static/bootstrap/js/jquery.min.js HTTP/1.1" 304 0
"GET /static/bootstrap/js/bootstrap.min.js HTTP/1.1" 304 0
"GET /bookquery/index/ HTTP/1.1" 200 4384
"GET /static/bootstrap/css/bootstrap-theme.css HTTP/1.1" 304 0
"GET /static/bootstrap/css/bootstrap.css HTTP/1.1" 304 0
"GET /static/bootstrap/js/jquery.min.js HTTP/1.1" 304 0
"GET /static/bootstrap/js/bootstrap.min.js HTTP/1.1" 304 0
"GET /bookquery/index/?page=2 HTTP/1.1" 200 4136
"GET /bookquery/index/?page=3 HTTP/1.1" 200 3975
"GET /bookquery/index/?page=4 HTTP/1.1" 200 2143
"GET /bookquery/index/?page=3 HTTP/1.1" 200 3975
"GET /bookquery/index/?page=2 HTTP/1.1" 200 4136
"GET /bookquery/index/?page=1 HTTP/1.1" 200 4384
"GET /bookquery/index/?page=2 HTTP/1.1" 200 4136
"GET /bookquery/index/?page=3 HTTP/1.1" 200 3975
"GET /bookquery/index/?page=4 HTTP/1.1" 200 2143
"GET /bookquery/index/?page=3 HTTP/1.1" 200 3975
"GET /bookquery/index/?page=2 HTTP/1.1" 200 4136
"GET /bookquery/index/?page=2 HTTP/1.1" 200 4156
"GET /static/bootstrap/css/bootstrap.css HTTP/1.1" 304 0
"GET /static/bootstrap/css/bootstrap-theme.css HTTP/1.1" 304 0
"GET /static/bootstrap/js/jquery.min.js HTTP/1.1" 304 0
"GET /static/bootstrap/js/bootstrap.min.js HTTP/1.1" 304 0
"GET /bookquery/index/?page=2 HTTP/1.1" 200 4156
"GET /static/bootstrap/css/bootstrap.css HTTP/1.1" 304 0
"GET /static/bootstrap/css/bootstrap-theme.css HTTP/1.1" 304 0
"GET /static/bootstrap/js/jquery.min.js HTTP/1.1" 304 0
"GET /static/bootstrap/js/bootstrap.min.js HTTP/1.1" 304 0
"GET /bookquery/index/?page=2 HTTP/1.1" 200 4156
"GET /static/bootstrap/css/bootstrap.css HTTP/1.1" 304 0
"GET /static/bootstrap/css/bootstrap-theme.css HTTP/1.1" 304 0
"GET /static/bootstrap/js/jquery.min.js HTTP/1.1" 304 0
"GET /static/bootstrap/js/bootstrap.min.js HTTP/1.1" 304 0
"GET /bookquery/index/?page=3 HTTP/1.1" 200 3995
"GET /bookquery/index/?page=2 HTTP/1.1" 200 4156
"GET /bookquery/index/?page=2 HTTP/1.1" 200 4155
"GET /static/bootstrap/css/bootstrap.css HTTP/1.1" 304 0
"GET /static/bootstrap/css/bootstrap-theme.css HTTP/1.1" 304 0
"GET /static/bootstrap/js/bootstrap.min.js HTTP/1.1" 304 0
"GET /static/bootstrap/js/jquery.min.js HTTP/1.1" 304 0
"GET /bookquery/index/?page=2 HTTP/1.1" 200 4155
"GET /static/bootstrap/css/bootstrap.css HTTP/1.1" 304 0
"GET /static/bootstrap/css/bootstrap-theme.css HTTP/1.1" 304 0
"GET /static/bootstrap/js/jquery.min.js HTTP/1.1" 304 0
"GET /static/bootstrap/js/bootstrap.min.js HTTP/1.1" 304 0
"GET /bookquery/index/?page=3 HTTP/1.1" 200 3994
"GET /bookquery/index/?page=2 HTTP/1.1" 200 4155
"GET /bookquery/index/?page=3 HTTP/1.1" 200 3994
"GET /bookquery/index/?page=3 HTTP/1.1" 200 4004
"GET /static/bootstrap/css/bootstrap.css HTTP/1.1" 304 0
"GET /static/bootstrap/css/bootstrap-theme.css HTTP/1.1" 304 0
"GET /static/bootstrap/js/jquery.min.js HTTP/1.1" 304 0
"GET /static/bootstrap/js/bootstrap.min.js HTTP/1.1" 304 0
"GET /bookquery/index/?page=3 HTTP/1.1" 200 4004
"GET /static/bootstrap/css/bootstrap.css HTTP/1.1" 304 0
"GET /static/bootstrap/css/bootstrap-theme.css HTTP/1.1" 304 0
"GET /static/bootstrap/js/jquery.min.js HTTP/1.1" 304 0
"GET /static/bootstrap/js/bootstrap.min.js HTTP/1.1" 304 0
"GET /bookquery/index/?page=3 HTTP/1.1" 200 4004
"GET /static/bootstrap/css/bootstrap.css HTTP/1.1" 304 0
"GET /static/bootstrap/css/bootstrap-theme.css HTTP/1.1" 304 0
"GET /static/bootstrap/js/jquery.min.js HTTP/1.1" 304 0
"GET /static/bootstrap/js/bootstrap.min.js HTTP/1.1" 304 0
"GET /bookquery/index/?page=3 HTTP/1.1" 200 4004
"GET /static/bootstrap/css/bootstrap.css HTTP/1.1" 304 0
"GET /static/bootstrap/css/bootstrap-theme.css HTTP/1.1" 304 0
"GET /static/bootstrap/js/jquery.min.js HTTP/1.1" 304 0
"GET /static/bootstrap/js/bootstrap.min.js HTTP/1.1" 304 0
"GET /bookquery/index/?page=3 HTTP/1.1" 200 4004
"GET /static/bootstrap/css/bootstrap.css HTTP/1.1" 304 0
"GET /static/bootstrap/css/bootstrap-theme.css HTTP/1.1" 304 0
"GET /static/bootstrap/js/bootstrap.min.js HTTP/1.1" 304 0
"GET /static/bootstrap/js/jquery.min.js HTTP/1.1" 304 0
"GET /bookquery/index/?page=3 HTTP/1.1" 200 4004
"GET /static/bootstrap/css/bootstrap-theme.css HTTP/1.1" 304 0
"GET /static/bootstrap/css/bootstrap.css HTTP/1.1" 304 0
"GET /static/bootstrap/js/jquery.min.js HTTP/1.1" 304 0
"GET /static/bootstrap/js/bootstrap.min.js HTTP/1.1" 304 0
"GET /bookquery/index/?page=4 HTTP/1.1" 200 2172
"GET /bookquery/index/?page=3 HTTP/1.1" 200 4004
"GET /bookquery/index/?page=2 HTTP/1.1" 200 4165
"GET /bookquery/index/?page=1 HTTP/1.1" 200 4413
"GET /bookquery/index/?page=1 HTTP/1.1" 200 4413
"GET /static/bootstrap/css/bootstrap.css HTTP/1.1" 304 0
"GET /static/bootstrap/css/bootstrap-theme.css HTTP/1.1" 304 0
"GET /static/bootstrap/js/jquery.min.js HTTP/1.1" 304 0
"GET /static/bootstrap/js/bootstrap.min.js HTTP/1.1" 304 0
"GET /bookquery/index/?page=2 HTTP/1.1" 200 4165
"GET /bookquery/index/?page=3 HTTP/1.1" 200 4004
"GET /bookquery/index/?page=4 HTTP/1.1" 200 2172
"GET /bookquery/index/?page=3 HTTP/1.1" 200 4004
"GET /bookquery/index/book_pub/%E8%AF%91%E6%9E%97%E5%87%BA%E7%89%88%E7%A4%BE/ HTTP/1.1" 200 577
"GET /bookquery/index/book_update/%E4%B8%B0%E4%B9%B3%E8%82%A5%E8%87%80/ HTTP/1.1" 200 1474
"GET /bookquery/index/book_update/%E6%AD%BB%E4%BA%A1%E7%AC%94%E8%AE%B0/ HTTP/1.1" 200 1542
"GET /bookquery/index/?page=3 HTTP/1.1" 200 4004
"GET /static/bootstrap/css/bootstrap.css HTTP/1.1" 304 0
"GET /static/bootstrap/css/bootstrap-theme.css HTTP/1.1" 304 0
"GET /static/bootstrap/js/jquery.min.js HTTP/1.1" 304 0
"GET /static/bootstrap/js/bootstrap.min.js HTTP/1.1" 304 0
"GET /bookquery/index/book_info/%E6%AD%BB%E4%BA%A1%E7%AC%94%E8%AE%B0/ HTTP/1.1" 200 868
"GET /bookquery/index/book_update/%E6%AD%BB%E4%BA%A1%E7%AC%94%E8%AE%B0/ HTTP/1.1" 200 1542
"GET /bookquery/index/?page=3 HTTP/1.1" 200 4052
"GET /static/bootstrap/css/bootstrap.css HTTP/1.1" 304 0
"GET /static/bootstrap/css/bootstrap-theme.css HTTP/1.1" 304 0
"GET /static/bootstrap/js/jquery.min.js HTTP/1.1" 304 0
"GET /static/bootstrap/js/bootstrap.min.js HTTP/1.1" 304 0
"GET /bookquery/index/ HTTP/1.1" 200 4461
"GET /bookquery/index/book_info/%E6%9D%80%E6%AD%BB%E4%B8%80%E5%8F%AA%E7%9F%A5%E6%9B%B4%E9%B8%9F1/query/ HTTP/1.1" 200 922
"GET /bookquery/index/book_info/%E6%9D%80%E6%AD%BB%E4%B8%80%E5%8F%AA%E7%9F%A5%E6%9B%B4%E9%B8%9F1/update/ HTTP/1.1" 200 1632
"GET /bookquery/register/ HTTP/1.1" 200 883
"GET /admin/ HTTP/1.1" 302 0
"GET /admin/login/?next=/admin/ HTTP/1.1" 200 1655
"GET /static/admin/css/base.css HTTP/1.1" 200 15937
"GET /static/admin/css/login.css HTTP/1.1" 200 1203
"GET /static/admin/css/fonts.css HTTP/1.1" 200 423
"GET /static/admin/fonts/Roboto-Regular-webfont.woff HTTP/1.1" 200 80304
"GET /static/admin/fonts/Roboto-Light-webfont.woff HTTP/1.1" 200 81348
"GET /favicon.ico HTTP/1.1" 404 2055
"GET /favicon.ico HTTP/1.1" 404 2055
"POST /admin/login/?next=/admin/ HTTP/1.1" 200 1785
"GET /static/admin/fonts/Roboto-Bold-webfont.woff HTTP/1.1" 200 82564
"POST /admin/login/?next=/admin/ HTTP/1.1" 200 1785
"GET /admin/login/?next=/admin/ HTTP/1.1" 200 1655
"GET /bookquery/index/ HTTP/1.1" 200 4464
"GET /static/bootstrap/css/bootstrap.css HTTP/1.1" 200 146010
"GET /static/bootstrap/js/jquery.min.js HTTP/1.1" 200 95786
"GET /static/bootstrap/css/bootstrap-theme.css HTTP/1.1" 200 26132
"GET /static/bootstrap/js/bootstrap.min.js HTTP/1.1" 200 37045
"GET /bookquery/index/ HTTP/1.1" 200 4464
"GET /static/bootstrap/css/bootstrap-theme.css HTTP/1.1" 200 26132
"GET /static/bootstrap/js/bootstrap.min.js HTTP/1.1" 200 37045
"GET /static/bootstrap/js/jquery.min.js HTTP/1.1" 200 95786
"GET /static/bootstrap/css/bootstrap.css HTTP/1.1" 200 146010
"GET /bookquery/index/?page=2 HTTP/1.1" 200 4216
"GET /admin/login/?next=/admin/ HTTP/1.1" 200 1655
"GET /static/admin/css/base.css HTTP/1.1" 200 15937
"GET /static/admin/css/login.css HTTP/1.1" 200 1203
"GET /static/admin/css/fonts.css HTTP/1.1" 200 423
"GET /static/admin/fonts/Roboto-Regular-webfont.woff HTTP/1.1" 200 80304
"GET /static/admin/fonts/Roboto-Light-webfont.woff HTTP/1.1" 200 81348
"GET /adminm HTTP/1.1" 404 2040
"GET /admin/ HTTP/1.1" 302 0
"GET /admin/login/?next=/admin/ HTTP/1.1" 200 1655
"GET /static/admin/css/base.css HTTP/1.1" 200 15937
"GET /static/admin/css/login.css HTTP/1.1" 200 1203
"GET /static/admin/css/fonts.css HTTP/1.1" 200 423
"GET /static/admin/fonts/Roboto-Light-webfont.woff HTTP/1.1" 200 81348
"GET /static/admin/fonts/Roboto-Regular-webfont.woff HTTP/1.1" 200 80304
"GET /static/admin/fonts/Roboto-Bold-webfont.woff HTTP/1.1" 200 82564
"POST /admin/login/?next=/admin/ HTTP/1.1" 302 0
"GET /admin/ HTTP/1.1" 200 7630
"GET /static/admin/css/dashboard.css HTTP/1.1" 200 434
"GET /static/admin/img/icon-addlink.svg HTTP/1.1" 200 331
"GET /static/admin/img/icon-changelink.svg HTTP/1.1" 200 380
"GET /admin/bookquery/book/ HTTP/1.1" 200 7013
"GET /static/admin/css/changelists.css HTTP/1.1" 200 6117
"GET /static/admin/js/core.js HTTP/1.1" 200 7976
"GET /admin/jsi18n/ HTTP/1.1" 200 7484
"GET /static/admin/js/jquery.init.js HTTP/1.1" 200 363
"GET /static/admin/js/admin/RelatedObjectLookups.js HTTP/1.1" 200 6577
"GET /static/admin/js/actions.js HTTP/1.1" 200 6501
"GET /static/admin/js/urlify.js HTTP/1.1" 200 8186
"GET /static/admin/js/vendor/jquery/jquery.js HTTP/1.1" 200 258648
"GET /static/admin/js/prepopulate.js HTTP/1.1" 200 1538
"GET /static/admin/js/vendor/xregexp/xregexp.js HTTP/1.1" 200 128820
"GET /static/admin/img/tooltag-add.svg HTTP/1.1" 200 331
"GET /admin/bookquery/book/7/change/ HTTP/1.1" 200 8569
"GET /static/admin/css/forms.css HTTP/1.1" 200 7750
"GET /static/admin/js/calendar.js HTTP/1.1" 200 7790
"GET /static/admin/js/admin/DateTimeShortcuts.js HTTP/1.1" 200 20529
"GET /static/admin/css/widgets.css HTTP/1.1" 200 10340
"GET /static/admin/js/change_form.js HTTP/1.1" 200 698
"GET /static/admin/js/prepopulate_init.js HTTP/1.1" 200 495
"GET /admin/jsi18n/ HTTP/1.1" 200 7484
"GET /static/admin/img/icon-calendar.svg HTTP/1.1" 200 1086
"GET /admin/bookquery/book/7/change/ HTTP/1.1" 200 8569
"GET /admin/jsi18n/ HTTP/1.1" 200 7484
